<?xml version="1.0" encoding="UTF-8"?>
<!-- Generated by org.testng.reporters.JUnitXMLReporter -->
<testsuite ignored="1" hostname="meldas-MacBook-Pro.local" failures="0" tests="4" name="All Functionalities" time="56.143" errors="0" timestamp="2022-06-10T18:00:45 CDT">
  <testcase classname="scripts.UnitedAirlinesTest" name="testUnitedAirlinesMainMenu" time="9.213"/>
  <testcase classname="scripts.UnitedAirlinesTest" name="testRadioButtons" time="8.922"/>
  <testcase classname="scripts.UnitedAirlinesTest" name="testBookWithMilesAndFlexibleDates" time="4.209"/>
  <testcase classname="scripts.UnitedAirlinesTest" name="testOneWayTicket" time="13.959"/>
  <testcase classname="scripts.UnitedAirlinesTest" name="testBookTravelMenu" time="0.0">
    <ignored/>
  </testcase> <!-- testBookTravelMenu -->
</testsuite> <!-- All Functionalities -->
