<?xml version="1.0" encoding="UTF-8"?>
<!-- Generated by org.testng.reporters.JUnitXMLReporter -->
<testsuite ignored="2" hostname="meldas-MacBook-Pro.local" failures="0" tests="3" name="Critical Functionalities" time="51.393" errors="0" timestamp="2022-06-10T17:55:23 CDT">
  <testcase classname="scripts.UnitedAirlinesTest" name="testBookTravelMenu" time="10.716"/>
  <testcase classname="scripts.UnitedAirlinesTest" name="testRadioButtons" time="8.976"/>
  <testcase classname="scripts.UnitedAirlinesTest" name="testOneWayTicket" time="16.529"/>
  <testcase classname="scripts.UnitedAirlinesTest" name="testUnitedAirlinesMainMenu" time="0.0">
    <ignored/>
  </testcase> <!-- testUnitedAirlinesMainMenu -->
  <testcase classname="scripts.UnitedAirlinesTest" name="testBookWithMilesAndFlexibleDates" time="0.0">
    <ignored/>
  </testcase> <!-- testBookWithMilesAndFlexibleDates -->
</testsuite> <!-- Critical Functionalities -->
