<?xml version="1.0" encoding="UTF-8"?>
<testng-results ignored="1" total="5" passed="4" failed="0" skipped="0">
  <reporter-output>
  </reporter-output>
  <suite started-at="2022-06-10T17:59:49 CDT" name="Regression" finished-at="2022-06-10T18:00:45 CDT" duration-ms="56143">
    <groups>
    </groups>
    <test started-at="2022-06-10T17:59:49 CDT" name="All Functionalities" finished-at="2022-06-10T18:00:45 CDT" duration-ms="56143">
      <class name="scripts.UnitedAirlinesTest">
        <test-method is-config="true" signature="setup()[pri:0, instance:scripts.UnitedAirlinesTest@2641e737]" started-at="2022-06-10T17:59:49 CDT" name="setup" finished-at="2022-06-10T17:59:51 CDT" duration-ms="1999" status="PASS">
          <reporter-output>
          </reporter-output>
        </test-method> <!-- setup -->
        <test-method signature="testUnitedAirlinesMainMenu()[pri:1, instance:scripts.UnitedAirlinesTest@2641e737]" started-at="2022-06-10T17:59:51 CDT" name="testUnitedAirlinesMainMenu" description="TESTCASE 1: Validate Main menu navigation items" finished-at="2022-06-10T18:00:00 CDT" duration-ms="9213" status="PASS">
          <reporter-output>
          </reporter-output>
        </test-method> <!-- testUnitedAirlinesMainMenu -->
        <test-method is-config="true" signature="teardown()[pri:0, instance:scripts.UnitedAirlinesTest@2641e737]" started-at="2022-06-10T18:00:00 CDT" name="teardown" finished-at="2022-06-10T18:00:04 CDT" duration-ms="3669" status="PASS">
          <reporter-output>
          </reporter-output>
        </test-method> <!-- teardown -->
        <test-method is-config="true" signature="setup()[pri:0, instance:scripts.UnitedAirlinesTest@2641e737]" started-at="2022-06-10T18:00:04 CDT" name="setup" finished-at="2022-06-10T18:00:05 CDT" duration-ms="1325" status="PASS">
          <reporter-output>
          </reporter-output>
        </test-method> <!-- setup -->
        <test-method signature="testRadioButtons()[pri:3, instance:scripts.UnitedAirlinesTest@2641e737]" started-at="2022-06-10T18:00:05 CDT" name="testRadioButtons" description="TESTCASE 3 : Round-trip&quot; and &quot;One-way&quot; radio buttons" finished-at="2022-06-10T18:00:14 CDT" duration-ms="8922" status="PASS">
          <reporter-output>
          </reporter-output>
        </test-method> <!-- testRadioButtons -->
        <test-method is-config="true" signature="teardown()[pri:0, instance:scripts.UnitedAirlinesTest@2641e737]" started-at="2022-06-10T18:00:14 CDT" name="teardown" finished-at="2022-06-10T18:00:18 CDT" duration-ms="3298" status="PASS">
          <reporter-output>
          </reporter-output>
        </test-method> <!-- teardown -->
        <test-method is-config="true" signature="setup()[pri:0, instance:scripts.UnitedAirlinesTest@2641e737]" started-at="2022-06-10T18:00:18 CDT" name="setup" finished-at="2022-06-10T18:00:19 CDT" duration-ms="1281" status="PASS">
          <reporter-output>
          </reporter-output>
        </test-method> <!-- setup -->
        <test-method signature="testBookWithMilesAndFlexibleDates()[pri:4, instance:scripts.UnitedAirlinesTest@2641e737]" started-at="2022-06-10T18:00:19 CDT" name="testBookWithMilesAndFlexibleDates" description="TestCase 4 :Book with miles&quot; and &quot;Flexible dates&quot; checkboxes" finished-at="2022-06-10T18:00:23 CDT" duration-ms="4209" status="PASS">
          <reporter-output>
          </reporter-output>
        </test-method> <!-- testBookWithMilesAndFlexibleDates -->
        <test-method is-config="true" signature="teardown()[pri:0, instance:scripts.UnitedAirlinesTest@2641e737]" started-at="2022-06-10T18:00:23 CDT" name="teardown" finished-at="2022-06-10T18:00:26 CDT" duration-ms="3371" status="PASS">
          <reporter-output>
          </reporter-output>
        </test-method> <!-- teardown -->
        <test-method is-config="true" signature="setup()[pri:0, instance:scripts.UnitedAirlinesTest@2641e737]" started-at="2022-06-10T18:00:26 CDT" name="setup" finished-at="2022-06-10T18:00:28 CDT" duration-ms="1307" status="PASS">
          <reporter-output>
          </reporter-output>
        </test-method> <!-- setup -->
        <test-method signature="testOneWayTicket()[pri:5, instance:scripts.UnitedAirlinesTest@2641e737]" started-at="2022-06-10T18:00:28 CDT" name="testOneWayTicket" description="Test Case 5: Validate One-way ticket search results &quot;from Chicago, IL, US (ORD) to Miami, FL, US (MIA)" finished-at="2022-06-10T18:00:42 CDT" duration-ms="13959" status="PASS">
          <reporter-output>
          </reporter-output>
        </test-method> <!-- testOneWayTicket -->
        <test-method is-config="true" signature="teardown()[pri:0, instance:scripts.UnitedAirlinesTest@2641e737]" started-at="2022-06-10T18:00:42 CDT" name="teardown" finished-at="2022-06-10T18:00:45 CDT" duration-ms="3569" status="PASS">
          <reporter-output>
          </reporter-output>
        </test-method> <!-- teardown -->
      </class> <!-- scripts.UnitedAirlinesTest -->
    </test> <!-- All Functionalities -->
  </suite> <!-- Regression -->
</testng-results>
